# JRE version: OpenJDK Runtime Environment Microsoft-11367275 (11.0.27+6) (build 11.0.27+6-LTS)
# Java VM: OpenJDK 64-Bit Server VM Microsoft-11367275 (11.0.27+6-LTS, mixed mode, sharing, tiered, compressed oops, g1 gc, windows-amd64)
Heap:
 garbage-first heap   total 225280K, used 40107K [0x0000000724e00000, 0x0000000800000000)
  region size 1024K, 7 young (7168K), 7 survivors (7168K)
 Metaspace       used 62783K, capacity 64994K, committed 65072K, reserved 1114112K
  class space    used 8152K, capacity 9019K, committed 9088K, reserved 1048576K
GC Heap History (20 events):
Event: 11.722 GC heap before
{Heap before GC invocations=2 (full 0):
 garbage-first heap   total 225280K, used 56897K [0x0000000724e00000, 0x0000000800000000)
  region size 1024K, 46 young (47104K), 2 survivors (2048K)
 Metaspace       used 16394K, capacity 17200K, committed 17536K, reserved 1064960K
  class space    used 2254K, capacity 2562K, committed 2688K, reserved 1048576K
}
Event: 11.726 GC heap after
{Heap after GC invocations=3 (full 0):
 garbage-first heap   total 225280K, used 13959K [0x0000000724e00000, 0x0000000800000000)
  region size 1024K, 4 young (4096K), 4 survivors (4096K)
 Metaspace       used 16394K, capacity 17200K, committed 17536K, reserved 1064960K
  class space    used 2254K, capacity 2562K, committed 2688K, reserved 1048576K
}
Event: 11.849 GC heap before
{Heap before GC invocations=3 (full 0):
 garbage-first heap   total 225280K, used 42631K [0x0000000724e00000, 0x0000000800000000)
  region size 1024K, 33 young (33792K), 4 survivors (4096K)
 Metaspace       used 20339K, capacity 21184K, committed 21296K, reserved 1067008K
  class space    used 2779K, capacity 3142K, committed 3200K, reserved 1048576K
}
Event: 11.853 GC heap after
{Heap after GC invocations=4 (full 0):
 garbage-first heap   total 225280K, used 15056K [0x0000000724e00000, 0x0000000800000000)
  region size 1024K, 5 young (5120K), 5 survivors (5120K)
 Metaspace       used 20339K, capacity 21184K, committed 21296K, reserved 1067008K
  class space    used 2779K, capacity 3142K, committed 3200K, reserved 1048576K
}
Event: 12.667 GC heap before
{Heap before GC invocations=5 (full 0):
 garbage-first heap   total 225280K, used 145104K [0x0000000724e00000, 0x0000000800000000)
  region size 1024K, 132 young (135168K), 5 survivors (5120K)
 Metaspace       used 28243K, capacity 29264K, committed 29360K, reserved 1075200K
  class space    used 3820K, capacity 4261K, committed 4352K, reserved 1048576K
}
Event: 12.673 GC heap after
{Heap after GC invocations=6 (full 0):
 garbage-first heap   total 225280K, used 19682K [0x0000000724e00000, 0x0000000800000000)
  region size 1024K, 9 young (9216K), 9 survivors (9216K)
 Metaspace       used 28243K, capacity 29264K, committed 29360K, reserved 1075200K
  class space    used 3820K, capacity 4261K, committed 4352K, reserved 1048576K
}
Event: 22.743 GC heap before
{Heap before GC invocations=6 (full 0):
 garbage-first heap   total 225280K, used 116962K [0x0000000724e00000, 0x0000000800000000)
  region size 1024K, 101 young (103424K), 9 survivors (9216K)
 Metaspace       used 34454K, capacity 35769K, committed 35888K, reserved 1079296K
  class space    used 4652K, capacity 5184K, committed 5248K, reserved 1048576K
}
Event: 22.755 GC heap after
{Heap after GC invocations=7 (full 0):
 garbage-first heap   total 225280K, used 23588K [0x0000000724e00000, 0x0000000800000000)
  region size 1024K, 13 young (13312K), 13 survivors (13312K)
 Metaspace       used 34454K, capacity 35769K, committed 35888K, reserved 1079296K
  class space    used 4652K, capacity 5184K, committed 5248K, reserved 1048576K
}
Event: 34.287 GC heap before
{Heap before GC invocations=8 (full 0):
 garbage-first heap   total 225280K, used 145444K [0x0000000724e00000, 0x0000000800000000)
  region size 1024K, 132 young (135168K), 13 survivors (13312K)
 Metaspace       used 45803K, capacity 47483K, committed 47536K, reserved 1089536K
  class space    used 6000K, capacity 6651K, committed 6656K, reserved 1048576K
}
Event: 34.295 GC heap after
{Heap after GC invocations=9 (full 0):
 garbage-first heap   total 225280K, used 29807K [0x0000000724e00000, 0x0000000800000000)
  region size 1024K, 15 young (15360K), 15 survivors (15360K)
 Metaspace       used 45803K, capacity 47483K, committed 47536K, reserved 1089536K
  class space    used 6000K, capacity 6651K, committed 6656K, reserved 1048576K
}
Event: 34.789 GC heap before
{Heap before GC invocations=9 (full 0):
 garbage-first heap   total 225280K, used 149615K [0x0000000724e00000, 0x0000000800000000)
  region size 1024K, 132 young (135168K), 15 survivors (15360K)
 Metaspace       used 53928K, capacity 55729K, committed 55856K, reserved 1097728K
  class space    used 7038K, capacity 7764K, committed 7808K, reserved 1048576K
}
Event: 34.796 GC heap after
{Heap after GC invocations=10 (full 0):
 garbage-first heap   total 225280K, used 34793K [0x0000000724e00000, 0x0000000800000000)
  region size 1024K, 13 young (13312K), 13 survivors (13312K)
 Metaspace       used 53928K, capacity 55729K, committed 55856K, reserved 1097728K
  class space    used 7038K, capacity 7764K, committed 7808K, reserved 1048576K
}
Event: 39.454 GC heap before
{Heap before GC invocations=10 (full 0):
 garbage-first heap   total 225280K, used 72681K [0x0000000724e00000, 0x0000000800000000)
  region size 1024K, 51 young (52224K), 13 survivors (13312K)
 Metaspace       used 58286K, capacity 60113K, committed 60208K, reserved 1101824K
  class space    used 7511K, capacity 8244K, committed 8320K, reserved 1048576K
}
Event: 39.460 GC heap after
{Heap after GC invocations=11 (full 0):
 garbage-first heap   total 225280K, used 35488K [0x0000000724e00000, 0x0000000800000000)
  region size 1024K, 6 young (6144K), 6 survivors (6144K)
 Metaspace       used 58286K, capacity 60113K, committed 60208K, reserved 1101824K
  class space    used 7511K, capacity 8244K, committed 8320K, reserved 1048576K
}
Event: 1028.237 GC heap before
{Heap before GC invocations=12 (full 0):
 garbage-first heap   total 225280K, used 163488K [0x0000000724e00000, 0x0000000800000000)
  region size 1024K, 132 young (135168K), 6 survivors (6144K)
 Metaspace       used 62640K, capacity 64906K, committed 65072K, reserved 1105920K
  class space    used 8144K, capacity 9014K, committed 9088K, reserved 1048576K
}
Event: 1028.321 GC heap after
{Heap after GC invocations=13 (full 0):
 garbage-first heap   total 225280K, used 39963K [0x0000000724e00000, 0x0000000800000000)
  region size 1024K, 11 young (11264K), 11 survivors (11264K)
 Metaspace       used 62640K, capacity 64906K, committed 65072K, reserved 1105920K
  class space    used 8144K, capacity 9014K, committed 9088K, reserved 1048576K
}
Event: 6059.762 GC heap before
{Heap before GC invocations=13 (full 0):
 garbage-first heap   total 225280K, used 163867K [0x0000000724e00000, 0x0000000800000000)
  region size 1024K, 132 young (135168K), 11 survivors (11264K)
 Metaspace       used 62739K, capacity 64970K, committed 65072K, reserved 1105920K
  class space    used 8145K, capacity 9014K, committed 9088K, reserved 1048576K
}
Event: 6059.861 GC heap after
{Heap after GC invocations=14 (full 0):
 garbage-first heap   total 225280K, used 40686K [0x0000000724e00000, 0x0000000800000000)
  region size 1024K, 7 young (7168K), 7 survivors (7168K)
 Metaspace       used 62739K, capacity 64970K, committed 65072K, reserved 1105920K
  class space    used 8145K, capacity 9014K, committed 9088K, reserved 1048576K
}
Event: 15739.950 GC heap before
{Heap before GC invocations=14 (full 0):
 garbage-first heap   total 225280K, used 159470K [0x0000000724e00000, 0x0000000800000000)
  region size 1024K, 125 young (128000K), 7 survivors (7168K)
 Metaspace       used 62783K, capacity 64994K, committed 65072K, reserved 1112064K
  class space    used 8152K, capacity 9019K, committed 9088K, reserved 1048576K
}
Event: 15740.334 GC heap after
{Heap after GC invocations=15 (full 0):
 garbage-first heap   total 225280K, used 40107K [0x0000000724e00000, 0x0000000800000000)
  region size 1024K, 7 young (7168K), 7 survivors (7168K)
 Metaspace       used 62783K, capacity 64994K, committed 65072K, reserved 1112064K
  class space    used 8152K, capacity 9019K, committed 9088K, reserved 1048576K
}

